<?xml version="1.0" encoding="utf-8"?>
<TestRun id="eccc0817-99f9-400b-bcaf-4a9d6566aa47" name="@BeBlWorkstationUbuntu 2026-01-07 10:08:42" xmlns="http://microsoft.com/schemas/VisualStudio/TeamTest/2010">
  <Times creation="2026-01-07T10:08:42.0244071+01:00" queuing="2026-01-07T10:08:42.0244072+01:00" start="2026-01-07T10:08:40.9925127+01:00" finish="2026-01-07T10:08:42.0404887+01:00" />
  <TestSettings name="default" id="7a038053-3568-46e9-bed4-daa8fd1e0331">
    <Deployment runDeploymentRoot="_BeBlWorkstationUbuntu_2026-01-07_10_08_42" />
  </TestSettings>
  <Results>
    <UnitTestResult executionId="f0b15c2f-ad51-4641-902c-a1961548756c" testId="4599dee9-987e-65dd-ba51-8c2655ee76a5" testName="MAS_BT.Tests.TransportCapabilityPlannerTests.BuildSequence_ThrowsWhenCapabilityMissing" computerName="BeBlWorkstationUbuntu" duration="00:00:00.0003237" startTime="2026-01-07T10:08:41.3936260+01:00" endTime="2026-01-07T10:08:41.3936619+01:00" testType="13cdc9d9-ddb5-4fa4-a97d-d965ccfc6d4b" outcome="Passed" testListId="8c84fa94-04c1-424b-9868-57a2d4851a1d" relativeResultsDirectory="f0b15c2f-ad51-4641-902c-a1961548756c">
      <Output>
        <StdOut>Expected failure: Missing capability 'DockRetrieveHandoverCapability' for module 'P200'.</StdOut>
      </Output>
    </UnitTestResult>
    <UnitTestResult executionId="bf05af7d-465f-41cd-b8f6-ccd8a0eec161" testId="2d93173c-3b1f-5de4-90a7-140c440d8268" testName="MAS_BT.Tests.HandleTransportPlanRequestNodeIntegrationTests.Execute_PublishesTransportPlanUsingNamespaceHolonConfig" computerName="BeBlWorkstationUbuntu" duration="00:00:00.0905371" startTime="2026-01-07T10:08:41.8539560+01:00" endTime="2026-01-07T10:08:41.9451772+01:00" testType="13cdc9d9-ddb5-4fa4-a97d-d965ccfc6d4b" outcome="Failed" testListId="8c84fa94-04c1-424b-9868-57a2d4851a1d" relativeResultsDirectory="bf05af7d-465f-41cd-b8f6-ccd8a0eec161">
      <Output>
        <StdOut>Neo4j config: Uri=neo4j://192.168.178.30:7687, User=neo4j, Database=neo4j</StdOut>
        <ErrorInfo>
          <Message>Assert.Equal() Failure: Values differ
Expected: Success
Actual:   Failure</Message>
          <StackTrace>   at MAS_BT.Tests.HandleTransportPlanRequestNodeIntegrationTests.Execute_PublishesTransportPlanUsingNamespaceHolonConfig() in /home/benjamin/AgentDevelopment/MAS-BT/tests/HandleTransportPlanRequestNodeIntegrationTests.cs:line 106
   at MAS_BT.Tests.HandleTransportPlanRequestNodeIntegrationTests.Execute_PublishesTransportPlanUsingNamespaceHolonConfig() in /home/benjamin/AgentDevelopment/MAS-BT/tests/HandleTransportPlanRequestNodeIntegrationTests.cs:line 128
   at MAS_BT.Tests.HandleTransportPlanRequestNodeIntegrationTests.Execute_PublishesTransportPlanUsingNamespaceHolonConfig() in /home/benjamin/AgentDevelopment/MAS-BT/tests/HandleTransportPlanRequestNodeIntegrationTests.cs:line 128
   at MAS_BT.Tests.HandleTransportPlanRequestNodeIntegrationTests.Execute_PublishesTransportPlanUsingNamespaceHolonConfig() in /home/benjamin/AgentDevelopment/MAS-BT/tests/HandleTransportPlanRequestNodeIntegrationTests.cs:line 128
--- End of stack trace from previous location ---</StackTrace>
        </ErrorInfo>
      </Output>
    </UnitTestResult>
    <UnitTestResult executionId="7027614b-ecb7-47c4-a9ff-9c7d998cd820" testId="879c99c4-7375-69d8-ea1b-45ddfcca0284" testName="MAS_BT.Tests.TransportCapabilityPlannerTests.BuildSequence_WithTransportModule_AddsTransportLeg" computerName="BeBlWorkstationUbuntu" duration="00:00:00.0284410" startTime="2026-01-07T10:08:41.3565029+01:00" endTime="2026-01-07T10:08:41.3862400+01:00" testType="13cdc9d9-ddb5-4fa4-a97d-d965ccfc6d4b" outcome="Passed" testListId="8c84fa94-04c1-424b-9868-57a2d4851a1d" relativeResultsDirectory="7027614b-ecb7-47c4-a9ff-9c7d998cd820">
      <Output>
        <StdOut>Module path: P100 -&gt; P200 -&gt; P101
Sequence legs (3): P200:DockStoreHandoverCapability, P200:Transport, P200:DockRetrieveHandoverCapability</StdOut>
      </Output>
    </UnitTestResult>
    <UnitTestResult executionId="5ffde385-861e-43d9-9a11-74a5258dc6c3" testId="1d7d96c1-0c72-4221-218e-edfa29c968f0" testName="MAS_BT.Tests.TransportCapabilityPlannerTests.BuildSequence_ThrowsWhenInitiatorMissingPartnerConstraint" computerName="BeBlWorkstationUbuntu" duration="00:00:00.0010074" startTime="2026-01-07T10:08:41.3931301+01:00" endTime="2026-01-07T10:08:41.3932005+01:00" testType="13cdc9d9-ddb5-4fa4-a97d-d965ccfc6d4b" outcome="Passed" testListId="8c84fa94-04c1-424b-9868-57a2d4851a1d" relativeResultsDirectory="5ffde385-861e-43d9-9a11-74a5258dc6c3">
      <Output>
        <StdOut>Expected failure: Capability 'DockStoreHandoverCapability' on 'P200' requires PartnerHasDockReceiveHandover.</StdOut>
      </Output>
    </UnitTestResult>
    <UnitTestResult executionId="e0075eb9-1ead-42b9-8e24-3019519add60" testId="91df596a-9c91-ac69-5c1b-1206cdca455b" testName="MAS_BT.Tests.TransportCapabilityPlannerTests.BuildSequence_WithPassiveTransport_SkipsTransportLeg" computerName="BeBlWorkstationUbuntu" duration="00:00:00.0004735" startTime="2026-01-07T10:08:41.3935105+01:00" endTime="2026-01-07T10:08:41.3935635+01:00" testType="13cdc9d9-ddb5-4fa4-a97d-d965ccfc6d4b" outcome="Passed" testListId="8c84fa94-04c1-424b-9868-57a2d4851a1d" relativeResultsDirectory="e0075eb9-1ead-42b9-8e24-3019519add60">
      <Output>
        <StdOut>Module path: P100 -&gt; P201 -&gt; P101
Sequence legs (2): P100:DockRetrieveHandoverCapability, P101:DockStoreHandoverCapability</StdOut>
      </Output>
    </UnitTestResult>
    <UnitTestResult executionId="78252f09-d327-4f0d-ae07-898d0afe3f63" testId="b22706f8-ccff-4522-8548-831a1893415a" testName="MAS_BT.Tests.TransportSequencePlannerTests.BuildPlanAsync_ThrowsWhenNoPath" computerName="BeBlWorkstationUbuntu" duration="00:00:00.0024306" startTime="2026-01-07T10:08:41.5345716+01:00" endTime="2026-01-07T10:08:41.5367396+01:00" testType="13cdc9d9-ddb5-4fa4-a97d-d965ccfc6d4b" outcome="Passed" testListId="8c84fa94-04c1-424b-9868-57a2d4851a1d" relativeResultsDirectory="78252f09-d327-4f0d-ae07-898d0afe3f63">
      <Output>
        <StdOut>Graph edges: &lt;empty&gt;
Expected failure: No path found from 'P300' to 'P999'.</StdOut>
      </Output>
    </UnitTestResult>
    <UnitTestResult executionId="0f0ca4d4-b1ab-4059-a81b-a31f9b5ffa8e" testId="0cd9a92d-fc89-6770-1b89-4a4286d8d5d7" testName="MAS_BT.Tests.TransportSequencePlannerTests.BuildPlanAsync_ReturnsLegsWithCostFromDistance" computerName="BeBlWorkstationUbuntu" duration="00:00:00.1773182" startTime="2026-01-07T10:08:41.3552262+01:00" endTime="2026-01-07T10:08:41.5342293+01:00" testType="13cdc9d9-ddb5-4fa4-a97d-d965ccfc6d4b" outcome="Failed" testListId="8c84fa94-04c1-424b-9868-57a2d4851a1d" relativeResultsDirectory="0f0ca4d4-b1ab-4059-a81b-a31f9b5ffa8e">
      <Output>
        <StdOut>Using Neo4j graph neo4j://192.168.178.30:7687 (db=neo4j) - expecting existing ASSET_DISTANCE edge P100-&gt;P101</StdOut>
        <ErrorInfo>
          <Message>System.InvalidOperationException : No path found from 'P100' to 'P101'.</Message>
          <StackTrace>   at MAS_BT.Services.Transport.TransportSequencePlanner.BuildPlanAsync(String fromModuleId, String toModuleId, CancellationToken cancellationToken) in /home/benjamin/AgentDevelopment/MAS-BT/Services/Transport/TransportSequencePlanner.cs:line 40
   at MAS_BT.Tests.TransportSequencePlannerTests.BuildPlanAsync_ReturnsLegsWithCostFromDistance() in /home/benjamin/AgentDevelopment/MAS-BT/tests/TransportSequencePlannerTests.cs:line 42
--- End of stack trace from previous location ---</StackTrace>
        </ErrorInfo>
      </Output>
    </UnitTestResult>
    <UnitTestResult executionId="7ccf5d74-bee7-4f4f-ae01-4f80dfff1b05" testId="1b47bb3f-4f16-1fdd-2e22-b1741a4809f4" testName="MAS_BT.Tests.TransportManagerIntegrationTests.Neo4j_CapabilityChainFromP100ToP102_HasExpectedRoles" computerName="BeBlWorkstationUbuntu" duration="00:00:00.1129445" startTime="2026-01-07T10:08:41.3565635+01:00" endTime="2026-01-07T10:08:41.4801761+01:00" testType="13cdc9d9-ddb5-4fa4-a97d-d965ccfc6d4b" outcome="Failed" testListId="8c84fa94-04c1-424b-9868-57a2d4851a1d" relativeResultsDirectory="7ccf5d74-bee7-4f4f-ae01-4f80dfff1b05">
      <Output>
        <StdOut>Neo4j config: Uri=neo4j://192.168.178.30:7687, User=neo4j, Database=neo4j
Shortest path: P100 -&gt; P102</StdOut>
        <ErrorInfo>
          <Message>Assert.Contains() Failure: Item not found in collection
Collection: ["P100", "P102"]
Not found:  "P200"</Message>
          <StackTrace>   at MAS_BT.Tests.TransportManagerIntegrationTests.Neo4j_CapabilityChainFromP100ToP102_HasExpectedRoles() in /home/benjamin/AgentDevelopment/MAS-BT/tests/TransportManagerIntegrationTests.cs:line 50
   at MAS_BT.Tests.TransportManagerIntegrationTests.Neo4j_CapabilityChainFromP100ToP102_HasExpectedRoles() in /home/benjamin/AgentDevelopment/MAS-BT/tests/TransportManagerIntegrationTests.cs:line 72
   at MAS_BT.Tests.TransportManagerIntegrationTests.Neo4j_CapabilityChainFromP100ToP102_HasExpectedRoles() in /home/benjamin/AgentDevelopment/MAS-BT/tests/TransportManagerIntegrationTests.cs:line 72
--- End of stack trace from previous location ---</StackTrace>
        </ErrorInfo>
      </Output>
    </UnitTestResult>
    <UnitTestResult executionId="1654a47d-01bb-49b8-8948-e07017c018c6" testId="f5ac33ed-1366-2b37-17d4-0e00855a28c2" testName="MAS_BT.Tests.TransportManagerIntegrationTests.CollectTransportResponsesNode_ConsumesTransportPlanResponseOverRealMqtt" computerName="BeBlWorkstationUbuntu" duration="00:00:00.3720595" startTime="2026-01-07T10:08:41.4829028+01:00" endTime="2026-01-07T10:08:41.8536098+01:00" testType="13cdc9d9-ddb5-4fa4-a97d-d965ccfc6d4b" outcome="Passed" testListId="8c84fa94-04c1-424b-9868-57a2d4851a1d" relativeResultsDirectory="1654a47d-01bb-49b8-8948-e07017c018c6">
      <Output>
        <StdOut>Neo4j config: Uri=neo4j://192.168.178.30:7687, User=neo4j, Database=neo4j
Planned 1 leg(s) for MQTT round-trip</StdOut>
      </Output>
    </UnitTestResult>
  </Results>
  <TestDefinitions>
    <UnitTest name="MAS_BT.Tests.TransportSequencePlannerTests.BuildPlanAsync_ReturnsLegsWithCostFromDistance" storage="/home/benjamin/agentdevelopment/mas-bt/bin/debug/net10.0/mas-bt.dll" id="0cd9a92d-fc89-6770-1b89-4a4286d8d5d7">
      <Execution id="0f0ca4d4-b1ab-4059-a81b-a31f9b5ffa8e" />
      <TestMethod codeBase="/home/benjamin/AgentDevelopment/MAS-BT/bin/Debug/net10.0/MAS-BT.dll" adapterTypeName="executor://xunit/VsTestRunner3/netcore/" className="MAS_BT.Tests.TransportSequencePlannerTests" name="BuildPlanAsync_ReturnsLegsWithCostFromDistance" />
    </UnitTest>
    <UnitTest name="MAS_BT.Tests.TransportManagerIntegrationTests.CollectTransportResponsesNode_ConsumesTransportPlanResponseOverRealMqtt" storage="/home/benjamin/agentdevelopment/mas-bt/bin/debug/net10.0/mas-bt.dll" id="f5ac33ed-1366-2b37-17d4-0e00855a28c2">
      <Execution id="1654a47d-01bb-49b8-8948-e07017c018c6" />
      <TestMethod codeBase="/home/benjamin/AgentDevelopment/MAS-BT/bin/Debug/net10.0/MAS-BT.dll" adapterTypeName="executor://xunit/VsTestRunner3/netcore/" className="MAS_BT.Tests.TransportManagerIntegrationTests" name="CollectTransportResponsesNode_ConsumesTransportPlanResponseOverRealMqtt" />
    </UnitTest>
    <UnitTest name="MAS_BT.Tests.TransportCapabilityPlannerTests.BuildSequence_ThrowsWhenCapabilityMissing" storage="/home/benjamin/agentdevelopment/mas-bt/bin/debug/net10.0/mas-bt.dll" id="4599dee9-987e-65dd-ba51-8c2655ee76a5">
      <Execution id="f0b15c2f-ad51-4641-902c-a1961548756c" />
      <TestMethod codeBase="/home/benjamin/AgentDevelopment/MAS-BT/bin/Debug/net10.0/MAS-BT.dll" adapterTypeName="executor://xunit/VsTestRunner3/netcore/" className="MAS_BT.Tests.TransportCapabilityPlannerTests" name="BuildSequence_ThrowsWhenCapabilityMissing" />
    </UnitTest>
    <UnitTest name="MAS_BT.Tests.TransportSequencePlannerTests.BuildPlanAsync_ThrowsWhenNoPath" storage="/home/benjamin/agentdevelopment/mas-bt/bin/debug/net10.0/mas-bt.dll" id="b22706f8-ccff-4522-8548-831a1893415a">
      <Execution id="78252f09-d327-4f0d-ae07-898d0afe3f63" />
      <TestMethod codeBase="/home/benjamin/AgentDevelopment/MAS-BT/bin/Debug/net10.0/MAS-BT.dll" adapterTypeName="executor://xunit/VsTestRunner3/netcore/" className="MAS_BT.Tests.TransportSequencePlannerTests" name="BuildPlanAsync_ThrowsWhenNoPath" />
    </UnitTest>
    <UnitTest name="MAS_BT.Tests.TransportCapabilityPlannerTests.BuildSequence_ThrowsWhenInitiatorMissingPartnerConstraint" storage="/home/benjamin/agentdevelopment/mas-bt/bin/debug/net10.0/mas-bt.dll" id="1d7d96c1-0c72-4221-218e-edfa29c968f0">
      <Execution id="5ffde385-861e-43d9-9a11-74a5258dc6c3" />
      <TestMethod codeBase="/home/benjamin/AgentDevelopment/MAS-BT/bin/Debug/net10.0/MAS-BT.dll" adapterTypeName="executor://xunit/VsTestRunner3/netcore/" className="MAS_BT.Tests.TransportCapabilityPlannerTests" name="BuildSequence_ThrowsWhenInitiatorMissingPartnerConstraint" />
    </UnitTest>
    <UnitTest name="MAS_BT.Tests.TransportManagerIntegrationTests.Neo4j_CapabilityChainFromP100ToP102_HasExpectedRoles" storage="/home/benjamin/agentdevelopment/mas-bt/bin/debug/net10.0/mas-bt.dll" id="1b47bb3f-4f16-1fdd-2e22-b1741a4809f4">
      <Execution id="7ccf5d74-bee7-4f4f-ae01-4f80dfff1b05" />
      <TestMethod codeBase="/home/benjamin/AgentDevelopment/MAS-BT/bin/Debug/net10.0/MAS-BT.dll" adapterTypeName="executor://xunit/VsTestRunner3/netcore/" className="MAS_BT.Tests.TransportManagerIntegrationTests" name="Neo4j_CapabilityChainFromP100ToP102_HasExpectedRoles" />
    </UnitTest>
    <UnitTest name="MAS_BT.Tests.TransportCapabilityPlannerTests.BuildSequence_WithPassiveTransport_SkipsTransportLeg" storage="/home/benjamin/agentdevelopment/mas-bt/bin/debug/net10.0/mas-bt.dll" id="91df596a-9c91-ac69-5c1b-1206cdca455b">
      <Execution id="e0075eb9-1ead-42b9-8e24-3019519add60" />
      <TestMethod codeBase="/home/benjamin/AgentDevelopment/MAS-BT/bin/Debug/net10.0/MAS-BT.dll" adapterTypeName="executor://xunit/VsTestRunner3/netcore/" className="MAS_BT.Tests.TransportCapabilityPlannerTests" name="BuildSequence_WithPassiveTransport_SkipsTransportLeg" />
    </UnitTest>
    <UnitTest name="MAS_BT.Tests.TransportCapabilityPlannerTests.BuildSequence_WithTransportModule_AddsTransportLeg" storage="/home/benjamin/agentdevelopment/mas-bt/bin/debug/net10.0/mas-bt.dll" id="879c99c4-7375-69d8-ea1b-45ddfcca0284">
      <Execution id="7027614b-ecb7-47c4-a9ff-9c7d998cd820" />
      <TestMethod codeBase="/home/benjamin/AgentDevelopment/MAS-BT/bin/Debug/net10.0/MAS-BT.dll" adapterTypeName="executor://xunit/VsTestRunner3/netcore/" className="MAS_BT.Tests.TransportCapabilityPlannerTests" name="BuildSequence_WithTransportModule_AddsTransportLeg" />
    </UnitTest>
    <UnitTest name="MAS_BT.Tests.HandleTransportPlanRequestNodeIntegrationTests.Execute_PublishesTransportPlanUsingNamespaceHolonConfig" storage="/home/benjamin/agentdevelopment/mas-bt/bin/debug/net10.0/mas-bt.dll" id="2d93173c-3b1f-5de4-90a7-140c440d8268">
      <Execution id="bf05af7d-465f-41cd-b8f6-ccd8a0eec161" />
      <TestMethod codeBase="/home/benjamin/AgentDevelopment/MAS-BT/bin/Debug/net10.0/MAS-BT.dll" adapterTypeName="executor://xunit/VsTestRunner3/netcore/" className="MAS_BT.Tests.HandleTransportPlanRequestNodeIntegrationTests" name="Execute_PublishesTransportPlanUsingNamespaceHolonConfig" />
    </UnitTest>
  </TestDefinitions>
  <TestEntries>
    <TestEntry testId="4599dee9-987e-65dd-ba51-8c2655ee76a5" executionId="f0b15c2f-ad51-4641-902c-a1961548756c" testListId="8c84fa94-04c1-424b-9868-57a2d4851a1d" />
    <TestEntry testId="2d93173c-3b1f-5de4-90a7-140c440d8268" executionId="bf05af7d-465f-41cd-b8f6-ccd8a0eec161" testListId="8c84fa94-04c1-424b-9868-57a2d4851a1d" />
    <TestEntry testId="879c99c4-7375-69d8-ea1b-45ddfcca0284" executionId="7027614b-ecb7-47c4-a9ff-9c7d998cd820" testListId="8c84fa94-04c1-424b-9868-57a2d4851a1d" />
    <TestEntry testId="1d7d96c1-0c72-4221-218e-edfa29c968f0" executionId="5ffde385-861e-43d9-9a11-74a5258dc6c3" testListId="8c84fa94-04c1-424b-9868-57a2d4851a1d" />
    <TestEntry testId="91df596a-9c91-ac69-5c1b-1206cdca455b" executionId="e0075eb9-1ead-42b9-8e24-3019519add60" testListId="8c84fa94-04c1-424b-9868-57a2d4851a1d" />
    <TestEntry testId="b22706f8-ccff-4522-8548-831a1893415a" executionId="78252f09-d327-4f0d-ae07-898d0afe3f63" testListId="8c84fa94-04c1-424b-9868-57a2d4851a1d" />
    <TestEntry testId="0cd9a92d-fc89-6770-1b89-4a4286d8d5d7" executionId="0f0ca4d4-b1ab-4059-a81b-a31f9b5ffa8e" testListId="8c84fa94-04c1-424b-9868-57a2d4851a1d" />
    <TestEntry testId="1b47bb3f-4f16-1fdd-2e22-b1741a4809f4" executionId="7ccf5d74-bee7-4f4f-ae01-4f80dfff1b05" testListId="8c84fa94-04c1-424b-9868-57a2d4851a1d" />
    <TestEntry testId="f5ac33ed-1366-2b37-17d4-0e00855a28c2" executionId="1654a47d-01bb-49b8-8948-e07017c018c6" testListId="8c84fa94-04c1-424b-9868-57a2d4851a1d" />
  </TestEntries>
  <TestLists>
    <TestList name="Results Not in a List" id="8c84fa94-04c1-424b-9868-57a2d4851a1d" />
    <TestList name="All Loaded Results" id="19431567-8539-422a-85d7-44ee4e166bda" />
  </TestLists>
  <ResultSummary outcome="Failed">
    <Counters total="9" executed="9" passed="6" failed="3" error="0" timeout="0" aborted="0" inconclusive="0" passedButRunAborted="0" notRunnable="0" notExecuted="0" disconnected="0" warning="0" completed="0" inProgress="0" pending="0" />
    <Output>
      <StdOut>[xUnit.net 00:00:00.00] xUnit.net VSTest Adapter v3.0.0+e341b939fe (64-bit .NET 10.0.0)
[xUnit.net 00:00:00.05]   Discovering: MAS-BT
[xUnit.net 00:00:00.08]   Discovered:  MAS-BT
[xUnit.net 00:00:00.09]   Starting:    MAS-BT
Module path: P100 -&gt; P200 -&gt; P101
Using Neo4j graph neo4j://192.168.178.30:7687 (db=neo4j) - expecting existing ASSET_DISTANCE edge P100-&gt;P101
Sequence legs (3): P200:DockStoreHandoverCapability, P200:Transport, P200:DockRetrieveHandoverCapability
Expected failure: Capability 'DockStoreHandoverCapability' on 'P200' requires PartnerHasDockReceiveHandover.
Module path: P100 -&gt; P201 -&gt; P101
Sequence legs (2): P100:DockRetrieveHandoverCapability, P101:DockStoreHandoverCapability
Expected failure: Missing capability 'DockRetrieveHandoverCapability' for module 'P200'.
[xUnit.net 00:00:00.23]       Assert.Contains() Failure: Item not found in collection
[xUnit.net 00:00:00.23]       Collection: ["P100", "P102"]
[xUnit.net 00:00:00.23]       Not found:  "P200"
[xUnit.net 00:00:00.23]       Stack Trace:
[xUnit.net 00:00:00.23]         /home/benjamin/AgentDevelopment/MAS-BT/tests/TransportManagerIntegrationTests.cs(50,0): at MAS_BT.Tests.TransportManagerIntegrationTests.Neo4j_CapabilityChainFromP100ToP102_HasExpectedRoles()
[xUnit.net 00:00:00.23]         /home/benjamin/AgentDevelopment/MAS-BT/tests/TransportManagerIntegrationTests.cs(72,0): at MAS_BT.Tests.TransportManagerIntegrationTests.Neo4j_CapabilityChainFromP100ToP102_HasExpectedRoles()
[xUnit.net 00:00:00.23]         /home/benjamin/AgentDevelopment/MAS-BT/tests/TransportManagerIntegrationTests.cs(72,0): at MAS_BT.Tests.TransportManagerIntegrationTests.Neo4j_CapabilityChainFromP100ToP102_HasExpectedRoles()
[xUnit.net 00:00:00.23]         --- End of stack trace from previous location ---
[xUnit.net 00:00:00.23]       Output:
[xUnit.net 00:00:00.23]         Neo4j config: Uri=neo4j://192.168.178.30:7687, User=neo4j, Database=neo4j
[xUnit.net 00:00:00.23]         Shortest path: P100 -&gt; P102
[xUnit.net 00:00:00.29]       System.InvalidOperationException : No path found from 'P100' to 'P101'.
[xUnit.net 00:00:00.29]       Stack Trace:
[xUnit.net 00:00:00.29]         /home/benjamin/AgentDevelopment/MAS-BT/Services/Transport/TransportSequencePlanner.cs(40,0): at MAS_BT.Services.Transport.TransportSequencePlanner.BuildPlanAsync(String fromModuleId, String toModuleId, CancellationToken cancellationToken)
[xUnit.net 00:00:00.29]         /home/benjamin/AgentDevelopment/MAS-BT/tests/TransportSequencePlannerTests.cs(42,0): at MAS_BT.Tests.TransportSequencePlannerTests.BuildPlanAsync_ReturnsLegsWithCostFromDistance()
[xUnit.net 00:00:00.29]         --- End of stack trace from previous location ---
[xUnit.net 00:00:00.29]       Output:
[xUnit.net 00:00:00.29]         Using Neo4j graph neo4j://192.168.178.30:7687 (db=neo4j) - expecting existing ASSET_DISTANCE edge P100-&gt;P101
Graph edges: &lt;empty&gt;
Expected failure: No path found from 'P300' to 'P999'.
[xUnit.net 00:00:00.70]       Assert.Equal() Failure: Values differ
[xUnit.net 00:00:00.70]       Expected: Success
[xUnit.net 00:00:00.70]       Actual:   Failure
[xUnit.net 00:00:00.70]       Stack Trace:
[xUnit.net 00:00:00.70]         /home/benjamin/AgentDevelopment/MAS-BT/tests/HandleTransportPlanRequestNodeIntegrationTests.cs(106,0): at MAS_BT.Tests.HandleTransportPlanRequestNodeIntegrationTests.Execute_PublishesTransportPlanUsingNamespaceHolonConfig()
[xUnit.net 00:00:00.70]         /home/benjamin/AgentDevelopment/MAS-BT/tests/HandleTransportPlanRequestNodeIntegrationTests.cs(128,0): at MAS_BT.Tests.HandleTransportPlanRequestNodeIntegrationTests.Execute_PublishesTransportPlanUsingNamespaceHolonConfig()
[xUnit.net 00:00:00.70]         /home/benjamin/AgentDevelopment/MAS-BT/tests/HandleTransportPlanRequestNodeIntegrationTests.cs(128,0): at MAS_BT.Tests.HandleTransportPlanRequestNodeIntegrationTests.Execute_PublishesTransportPlanUsingNamespaceHolonConfig()
[xUnit.net 00:00:00.70]         /home/benjamin/AgentDevelopment/MAS-BT/tests/HandleTransportPlanRequestNodeIntegrationTests.cs(128,0): at MAS_BT.Tests.HandleTransportPlanRequestNodeIntegrationTests.Execute_PublishesTransportPlanUsingNamespaceHolonConfig()
[xUnit.net 00:00:00.70]         --- End of stack trace from previous location ---
[xUnit.net 00:00:00.70]       Output:
[xUnit.net 00:00:00.70]         Neo4j config: Uri=neo4j://192.168.178.30:7687, User=neo4j, Database=neo4j
[xUnit.net 00:00:00.70]   Finished:    MAS-BT
</StdOut>
    </Output>
    <RunInfos>
      <RunInfo computerName="BeBlWorkstationUbuntu" outcome="Error" timestamp="2026-01-07T10:08:41.4816655+01:00">
        <Text>[xUnit.net 00:00:00.23]     MAS_BT.Tests.TransportManagerIntegrationTests.Neo4j_CapabilityChainFromP100ToP102_HasExpectedRoles [FAIL]</Text>
      </RunInfo>
      <RunInfo computerName="BeBlWorkstationUbuntu" outcome="Error" timestamp="2026-01-07T10:08:41.5344950+01:00">
        <Text>[xUnit.net 00:00:00.29]     MAS_BT.Tests.TransportSequencePlannerTests.BuildPlanAsync_ReturnsLegsWithCostFromDistance [FAIL]</Text>
      </RunInfo>
      <RunInfo computerName="BeBlWorkstationUbuntu" outcome="Error" timestamp="2026-01-07T10:08:41.9455288+01:00">
        <Text>[xUnit.net 00:00:00.70]     MAS_BT.Tests.HandleTransportPlanRequestNodeIntegrationTests.Execute_PublishesTransportPlanUsingNamespaceHolonConfig [FAIL]</Text>
      </RunInfo>
    </RunInfos>
  </ResultSummary>
</TestRun>