<?xml version="1.0" encoding="utf-8"?>
<TestRun id="8cd83303-fd02-46fe-b630-71275f84642d" name="@BeBlWorkstationUbuntu 2026-01-07 09:59:44" xmlns="http://microsoft.com/schemas/VisualStudio/TeamTest/2010">
  <Times creation="2026-01-07T09:59:44.1085559+01:00" queuing="2026-01-07T09:59:44.1085559+01:00" start="2026-01-07T09:59:43.1029694+01:00" finish="2026-01-07T09:59:44.1197151+01:00" />
  <TestSettings name="default" id="8805a83b-53fb-4bc2-befa-793360810dc5">
    <Deployment runDeploymentRoot="_BeBlWorkstationUbuntu_2026-01-07_09_59_44" />
  </TestSettings>
  <Results>
    <UnitTestResult executionId="07b48697-06cf-42fa-af02-edfe4f4e2156" testId="879c99c4-7375-69d8-ea1b-45ddfcca0284" testName="MAS_BT.Tests.TransportCapabilityPlannerTests.BuildSequence_WithTransportModule_AddsTransportLeg" computerName="BeBlWorkstationUbuntu" duration="00:00:00.0290918" startTime="2026-01-07T09:59:43.4591437+01:00" endTime="2026-01-07T09:59:43.4928404+01:00" testType="13cdc9d9-ddb5-4fa4-a97d-d965ccfc6d4b" outcome="Passed" testListId="8c84fa94-04c1-424b-9868-57a2d4851a1d" relativeResultsDirectory="07b48697-06cf-42fa-af02-edfe4f4e2156">
      <Output>
        <StdOut>Module path: P100 -&gt; P200 -&gt; P101
Sequence legs (3): P200:DockStoreHandoverCapability, P200:Transport, P200:DockRetrieveHandoverCapability</StdOut>
      </Output>
    </UnitTestResult>
    <UnitTestResult executionId="d63f1404-c47e-4801-863a-2d42d2a460c7" testId="2d93173c-3b1f-5de4-90a7-140c440d8268" testName="MAS_BT.Tests.HandleTransportPlanRequestNodeIntegrationTests.Execute_PublishesTransportPlanUsingNamespaceHolonConfig" computerName="BeBlWorkstationUbuntu" duration="00:00:00.0667270" startTime="2026-01-07T09:59:43.9541165+01:00" endTime="2026-01-07T09:59:44.0214822+01:00" testType="13cdc9d9-ddb5-4fa4-a97d-d965ccfc6d4b" outcome="Failed" testListId="8c84fa94-04c1-424b-9868-57a2d4851a1d" relativeResultsDirectory="d63f1404-c47e-4801-863a-2d42d2a460c7">
      <Output>
        <StdOut>Neo4j config: Uri=neo4j://192.168.178.30:7687, User=neo4j, Database=neo4j</StdOut>
        <ErrorInfo>
          <Message>Assert.Equal() Failure: Values differ
Expected: Success
Actual:   Failure</Message>
          <StackTrace>   at MAS_BT.Tests.HandleTransportPlanRequestNodeIntegrationTests.Execute_PublishesTransportPlanUsingNamespaceHolonConfig() in /home/benjamin/AgentDevelopment/MAS-BT/tests/HandleTransportPlanRequestNodeIntegrationTests.cs:line 106
   at MAS_BT.Tests.HandleTransportPlanRequestNodeIntegrationTests.Execute_PublishesTransportPlanUsingNamespaceHolonConfig() in /home/benjamin/AgentDevelopment/MAS-BT/tests/HandleTransportPlanRequestNodeIntegrationTests.cs:line 128
   at MAS_BT.Tests.HandleTransportPlanRequestNodeIntegrationTests.Execute_PublishesTransportPlanUsingNamespaceHolonConfig() in /home/benjamin/AgentDevelopment/MAS-BT/tests/HandleTransportPlanRequestNodeIntegrationTests.cs:line 128
   at MAS_BT.Tests.HandleTransportPlanRequestNodeIntegrationTests.Execute_PublishesTransportPlanUsingNamespaceHolonConfig() in /home/benjamin/AgentDevelopment/MAS-BT/tests/HandleTransportPlanRequestNodeIntegrationTests.cs:line 128
--- End of stack trace from previous location ---</StackTrace>
        </ErrorInfo>
      </Output>
    </UnitTestResult>
    <UnitTestResult executionId="9f47391b-7bfc-40dc-88e9-c67520609fdb" testId="91df596a-9c91-ac69-5c1b-1206cdca455b" testName="MAS_BT.Tests.TransportCapabilityPlannerTests.BuildSequence_WithPassiveTransport_SkipsTransportLeg" computerName="BeBlWorkstationUbuntu" duration="00:00:00.0004692" startTime="2026-01-07T09:59:43.5014371+01:00" endTime="2026-01-07T09:59:43.5015747+01:00" testType="13cdc9d9-ddb5-4fa4-a97d-d965ccfc6d4b" outcome="Passed" testListId="8c84fa94-04c1-424b-9868-57a2d4851a1d" relativeResultsDirectory="9f47391b-7bfc-40dc-88e9-c67520609fdb">
      <Output>
        <StdOut>Module path: P100 -&gt; P201 -&gt; P101
Sequence legs (2): P100:DockRetrieveHandoverCapability, P101:DockStoreHandoverCapability</StdOut>
      </Output>
    </UnitTestResult>
    <UnitTestResult executionId="df101f7b-c534-4ce8-ab29-e3d4363b146d" testId="1b47bb3f-4f16-1fdd-2e22-b1741a4809f4" testName="MAS_BT.Tests.TransportManagerIntegrationTests.Neo4j_CapabilityChainFromP100ToP102_HasExpectedRoles" computerName="BeBlWorkstationUbuntu" duration="00:00:00.1094977" startTime="2026-01-07T09:59:43.4599485+01:00" endTime="2026-01-07T09:59:43.5755652+01:00" testType="13cdc9d9-ddb5-4fa4-a97d-d965ccfc6d4b" outcome="Failed" testListId="8c84fa94-04c1-424b-9868-57a2d4851a1d" relativeResultsDirectory="df101f7b-c534-4ce8-ab29-e3d4363b146d">
      <Output>
        <StdOut>Neo4j config: Uri=neo4j://192.168.178.30:7687, User=neo4j, Database=neo4j
Shortest path: P100 -&gt; P102</StdOut>
        <ErrorInfo>
          <Message>Assert.Contains() Failure: Item not found in collection
Collection: ["P100", "P102"]
Not found:  "P200"</Message>
          <StackTrace>   at MAS_BT.Tests.TransportManagerIntegrationTests.Neo4j_CapabilityChainFromP100ToP102_HasExpectedRoles() in /home/benjamin/AgentDevelopment/MAS-BT/tests/TransportManagerIntegrationTests.cs:line 50
   at MAS_BT.Tests.TransportManagerIntegrationTests.Neo4j_CapabilityChainFromP100ToP102_HasExpectedRoles() in /home/benjamin/AgentDevelopment/MAS-BT/tests/TransportManagerIntegrationTests.cs:line 72
   at MAS_BT.Tests.TransportManagerIntegrationTests.Neo4j_CapabilityChainFromP100ToP102_HasExpectedRoles() in /home/benjamin/AgentDevelopment/MAS-BT/tests/TransportManagerIntegrationTests.cs:line 72
--- End of stack trace from previous location ---</StackTrace>
        </ErrorInfo>
      </Output>
    </UnitTestResult>
    <UnitTestResult executionId="76ae7e60-7931-4be7-83f8-4baa27b1b670" testId="f5ac33ed-1366-2b37-17d4-0e00855a28c2" testName="MAS_BT.Tests.TransportManagerIntegrationTests.CollectTransportResponsesNode_ConsumesTransportPlanResponseOverRealMqtt" computerName="BeBlWorkstationUbuntu" duration="00:00:00.3763479" startTime="2026-01-07T09:59:43.5798013+01:00" endTime="2026-01-07T09:59:43.9533799+01:00" testType="13cdc9d9-ddb5-4fa4-a97d-d965ccfc6d4b" outcome="Passed" testListId="8c84fa94-04c1-424b-9868-57a2d4851a1d" relativeResultsDirectory="76ae7e60-7931-4be7-83f8-4baa27b1b670">
      <Output>
        <StdOut>Neo4j config: Uri=neo4j://192.168.178.30:7687, User=neo4j, Database=neo4j
Planned 1 leg(s) for MQTT round-trip</StdOut>
      </Output>
    </UnitTestResult>
    <UnitTestResult executionId="01eb43b8-cb86-4b23-ae20-dc131c55a759" testId="b22706f8-ccff-4522-8548-831a1893415a" testName="MAS_BT.Tests.TransportSequencePlannerTests.BuildPlanAsync_ThrowsWhenNoPath" computerName="BeBlWorkstationUbuntu" duration="00:00:00.0024039" startTime="2026-01-07T09:59:43.5798363+01:00" endTime="2026-01-07T09:59:43.5800653+01:00" testType="13cdc9d9-ddb5-4fa4-a97d-d965ccfc6d4b" outcome="Passed" testListId="8c84fa94-04c1-424b-9868-57a2d4851a1d" relativeResultsDirectory="01eb43b8-cb86-4b23-ae20-dc131c55a759">
      <Output>
        <StdOut>Graph edges: &lt;empty&gt;
Expected failure: No path found from 'P300' to 'P999'.</StdOut>
      </Output>
    </UnitTestResult>
    <UnitTestResult executionId="236ffa08-d7c8-418f-ac2e-be760637e424" testId="1d7d96c1-0c72-4221-218e-edfa29c968f0" testName="MAS_BT.Tests.TransportCapabilityPlannerTests.BuildSequence_ThrowsWhenInitiatorMissingPartnerConstraint" computerName="BeBlWorkstationUbuntu" duration="00:00:00.0009426" startTime="2026-01-07T09:59:43.5006271+01:00" endTime="2026-01-07T09:59:43.5007799+01:00" testType="13cdc9d9-ddb5-4fa4-a97d-d965ccfc6d4b" outcome="Passed" testListId="8c84fa94-04c1-424b-9868-57a2d4851a1d" relativeResultsDirectory="236ffa08-d7c8-418f-ac2e-be760637e424">
      <Output>
        <StdOut>Expected failure: Capability 'DockStoreHandoverCapability' on 'P200' requires PartnerHasDockReceiveHandover.</StdOut>
      </Output>
    </UnitTestResult>
    <UnitTestResult executionId="83903ffc-eea6-489c-b46b-1eba8a5d7260" testId="4599dee9-987e-65dd-ba51-8c2655ee76a5" testName="MAS_BT.Tests.TransportCapabilityPlannerTests.BuildSequence_ThrowsWhenCapabilityMissing" computerName="BeBlWorkstationUbuntu" duration="00:00:00.0003082" startTime="2026-01-07T09:59:43.5017524+01:00" endTime="2026-01-07T09:59:43.5018537+01:00" testType="13cdc9d9-ddb5-4fa4-a97d-d965ccfc6d4b" outcome="Passed" testListId="8c84fa94-04c1-424b-9868-57a2d4851a1d" relativeResultsDirectory="83903ffc-eea6-489c-b46b-1eba8a5d7260">
      <Output>
        <StdOut>Expected failure: Missing capability 'DockRetrieveHandoverCapability' for module 'P200'.</StdOut>
      </Output>
    </UnitTestResult>
    <UnitTestResult executionId="b4a76958-411a-4bc1-b3da-45e5d3027e4b" testId="0cd9a92d-fc89-6770-1b89-4a4286d8d5d7" testName="MAS_BT.Tests.TransportSequencePlannerTests.BuildPlanAsync_ReturnsLegsWithCostFromDistance" computerName="BeBlWorkstationUbuntu" duration="00:00:00.1035662" startTime="2026-01-07T09:59:43.4599220+01:00" endTime="2026-01-07T09:59:43.5790281+01:00" testType="13cdc9d9-ddb5-4fa4-a97d-d965ccfc6d4b" outcome="Failed" testListId="8c84fa94-04c1-424b-9868-57a2d4851a1d" relativeResultsDirectory="b4a76958-411a-4bc1-b3da-45e5d3027e4b">
      <Output>
        <StdOut>Using Neo4j graph neo4j://192.168.178.30:7687 (db=neo4j) - expecting existing ASSET_DISTANCE edge P100-&gt;P101</StdOut>
        <ErrorInfo>
          <Message>System.InvalidOperationException : No path found from 'P100' to 'P101'.</Message>
          <StackTrace>   at MAS_BT.Services.Transport.TransportSequencePlanner.BuildPlanAsync(String fromModuleId, String toModuleId, CancellationToken cancellationToken) in /home/benjamin/AgentDevelopment/MAS-BT/Services/Transport/TransportSequencePlanner.cs:line 40
   at MAS_BT.Tests.TransportSequencePlannerTests.BuildPlanAsync_ReturnsLegsWithCostFromDistance() in /home/benjamin/AgentDevelopment/MAS-BT/tests/TransportSequencePlannerTests.cs:line 42
--- End of stack trace from previous location ---</StackTrace>
        </ErrorInfo>
      </Output>
    </UnitTestResult>
  </Results>
  <TestDefinitions>
    <UnitTest name="MAS_BT.Tests.TransportSequencePlannerTests.BuildPlanAsync_ReturnsLegsWithCostFromDistance" storage="/home/benjamin/agentdevelopment/mas-bt/bin/debug/net10.0/mas-bt.dll" id="0cd9a92d-fc89-6770-1b89-4a4286d8d5d7">
      <Execution id="b4a76958-411a-4bc1-b3da-45e5d3027e4b" />
      <TestMethod codeBase="/home/benjamin/AgentDevelopment/MAS-BT/bin/Debug/net10.0/MAS-BT.dll" adapterTypeName="executor://xunit/VsTestRunner3/netcore/" className="MAS_BT.Tests.TransportSequencePlannerTests" name="BuildPlanAsync_ReturnsLegsWithCostFromDistance" />
    </UnitTest>
    <UnitTest name="MAS_BT.Tests.TransportManagerIntegrationTests.CollectTransportResponsesNode_ConsumesTransportPlanResponseOverRealMqtt" storage="/home/benjamin/agentdevelopment/mas-bt/bin/debug/net10.0/mas-bt.dll" id="f5ac33ed-1366-2b37-17d4-0e00855a28c2">
      <Execution id="76ae7e60-7931-4be7-83f8-4baa27b1b670" />
      <TestMethod codeBase="/home/benjamin/AgentDevelopment/MAS-BT/bin/Debug/net10.0/MAS-BT.dll" adapterTypeName="executor://xunit/VsTestRunner3/netcore/" className="MAS_BT.Tests.TransportManagerIntegrationTests" name="CollectTransportResponsesNode_ConsumesTransportPlanResponseOverRealMqtt" />
    </UnitTest>
    <UnitTest name="MAS_BT.Tests.TransportCapabilityPlannerTests.BuildSequence_ThrowsWhenCapabilityMissing" storage="/home/benjamin/agentdevelopment/mas-bt/bin/debug/net10.0/mas-bt.dll" id="4599dee9-987e-65dd-ba51-8c2655ee76a5">
      <Execution id="83903ffc-eea6-489c-b46b-1eba8a5d7260" />
      <TestMethod codeBase="/home/benjamin/AgentDevelopment/MAS-BT/bin/Debug/net10.0/MAS-BT.dll" adapterTypeName="executor://xunit/VsTestRunner3/netcore/" className="MAS_BT.Tests.TransportCapabilityPlannerTests" name="BuildSequence_ThrowsWhenCapabilityMissing" />
    </UnitTest>
    <UnitTest name="MAS_BT.Tests.TransportSequencePlannerTests.BuildPlanAsync_ThrowsWhenNoPath" storage="/home/benjamin/agentdevelopment/mas-bt/bin/debug/net10.0/mas-bt.dll" id="b22706f8-ccff-4522-8548-831a1893415a">
      <Execution id="01eb43b8-cb86-4b23-ae20-dc131c55a759" />
      <TestMethod codeBase="/home/benjamin/AgentDevelopment/MAS-BT/bin/Debug/net10.0/MAS-BT.dll" adapterTypeName="executor://xunit/VsTestRunner3/netcore/" className="MAS_BT.Tests.TransportSequencePlannerTests" name="BuildPlanAsync_ThrowsWhenNoPath" />
    </UnitTest>
    <UnitTest name="MAS_BT.Tests.TransportCapabilityPlannerTests.BuildSequence_ThrowsWhenInitiatorMissingPartnerConstraint" storage="/home/benjamin/agentdevelopment/mas-bt/bin/debug/net10.0/mas-bt.dll" id="1d7d96c1-0c72-4221-218e-edfa29c968f0">
      <Execution id="236ffa08-d7c8-418f-ac2e-be760637e424" />
      <TestMethod codeBase="/home/benjamin/AgentDevelopment/MAS-BT/bin/Debug/net10.0/MAS-BT.dll" adapterTypeName="executor://xunit/VsTestRunner3/netcore/" className="MAS_BT.Tests.TransportCapabilityPlannerTests" name="BuildSequence_ThrowsWhenInitiatorMissingPartnerConstraint" />
    </UnitTest>
    <UnitTest name="MAS_BT.Tests.TransportManagerIntegrationTests.Neo4j_CapabilityChainFromP100ToP102_HasExpectedRoles" storage="/home/benjamin/agentdevelopment/mas-bt/bin/debug/net10.0/mas-bt.dll" id="1b47bb3f-4f16-1fdd-2e22-b1741a4809f4">
      <Execution id="df101f7b-c534-4ce8-ab29-e3d4363b146d" />
      <TestMethod codeBase="/home/benjamin/AgentDevelopment/MAS-BT/bin/Debug/net10.0/MAS-BT.dll" adapterTypeName="executor://xunit/VsTestRunner3/netcore/" className="MAS_BT.Tests.TransportManagerIntegrationTests" name="Neo4j_CapabilityChainFromP100ToP102_HasExpectedRoles" />
    </UnitTest>
    <UnitTest name="MAS_BT.Tests.TransportCapabilityPlannerTests.BuildSequence_WithPassiveTransport_SkipsTransportLeg" storage="/home/benjamin/agentdevelopment/mas-bt/bin/debug/net10.0/mas-bt.dll" id="91df596a-9c91-ac69-5c1b-1206cdca455b">
      <Execution id="9f47391b-7bfc-40dc-88e9-c67520609fdb" />
      <TestMethod codeBase="/home/benjamin/AgentDevelopment/MAS-BT/bin/Debug/net10.0/MAS-BT.dll" adapterTypeName="executor://xunit/VsTestRunner3/netcore/" className="MAS_BT.Tests.TransportCapabilityPlannerTests" name="BuildSequence_WithPassiveTransport_SkipsTransportLeg" />
    </UnitTest>
    <UnitTest name="MAS_BT.Tests.TransportCapabilityPlannerTests.BuildSequence_WithTransportModule_AddsTransportLeg" storage="/home/benjamin/agentdevelopment/mas-bt/bin/debug/net10.0/mas-bt.dll" id="879c99c4-7375-69d8-ea1b-45ddfcca0284">
      <Execution id="07b48697-06cf-42fa-af02-edfe4f4e2156" />
      <TestMethod codeBase="/home/benjamin/AgentDevelopment/MAS-BT/bin/Debug/net10.0/MAS-BT.dll" adapterTypeName="executor://xunit/VsTestRunner3/netcore/" className="MAS_BT.Tests.TransportCapabilityPlannerTests" name="BuildSequence_WithTransportModule_AddsTransportLeg" />
    </UnitTest>
    <UnitTest name="MAS_BT.Tests.HandleTransportPlanRequestNodeIntegrationTests.Execute_PublishesTransportPlanUsingNamespaceHolonConfig" storage="/home/benjamin/agentdevelopment/mas-bt/bin/debug/net10.0/mas-bt.dll" id="2d93173c-3b1f-5de4-90a7-140c440d8268">
      <Execution id="d63f1404-c47e-4801-863a-2d42d2a460c7" />
      <TestMethod codeBase="/home/benjamin/AgentDevelopment/MAS-BT/bin/Debug/net10.0/MAS-BT.dll" adapterTypeName="executor://xunit/VsTestRunner3/netcore/" className="MAS_BT.Tests.HandleTransportPlanRequestNodeIntegrationTests" name="Execute_PublishesTransportPlanUsingNamespaceHolonConfig" />
    </UnitTest>
  </TestDefinitions>
  <TestEntries>
    <TestEntry testId="879c99c4-7375-69d8-ea1b-45ddfcca0284" executionId="07b48697-06cf-42fa-af02-edfe4f4e2156" testListId="8c84fa94-04c1-424b-9868-57a2d4851a1d" />
    <TestEntry testId="2d93173c-3b1f-5de4-90a7-140c440d8268" executionId="d63f1404-c47e-4801-863a-2d42d2a460c7" testListId="8c84fa94-04c1-424b-9868-57a2d4851a1d" />
    <TestEntry testId="91df596a-9c91-ac69-5c1b-1206cdca455b" executionId="9f47391b-7bfc-40dc-88e9-c67520609fdb" testListId="8c84fa94-04c1-424b-9868-57a2d4851a1d" />
    <TestEntry testId="1b47bb3f-4f16-1fdd-2e22-b1741a4809f4" executionId="df101f7b-c534-4ce8-ab29-e3d4363b146d" testListId="8c84fa94-04c1-424b-9868-57a2d4851a1d" />
    <TestEntry testId="f5ac33ed-1366-2b37-17d4-0e00855a28c2" executionId="76ae7e60-7931-4be7-83f8-4baa27b1b670" testListId="8c84fa94-04c1-424b-9868-57a2d4851a1d" />
    <TestEntry testId="b22706f8-ccff-4522-8548-831a1893415a" executionId="01eb43b8-cb86-4b23-ae20-dc131c55a759" testListId="8c84fa94-04c1-424b-9868-57a2d4851a1d" />
    <TestEntry testId="1d7d96c1-0c72-4221-218e-edfa29c968f0" executionId="236ffa08-d7c8-418f-ac2e-be760637e424" testListId="8c84fa94-04c1-424b-9868-57a2d4851a1d" />
    <TestEntry testId="4599dee9-987e-65dd-ba51-8c2655ee76a5" executionId="83903ffc-eea6-489c-b46b-1eba8a5d7260" testListId="8c84fa94-04c1-424b-9868-57a2d4851a1d" />
    <TestEntry testId="0cd9a92d-fc89-6770-1b89-4a4286d8d5d7" executionId="b4a76958-411a-4bc1-b3da-45e5d3027e4b" testListId="8c84fa94-04c1-424b-9868-57a2d4851a1d" />
  </TestEntries>
  <TestLists>
    <TestList name="Results Not in a List" id="8c84fa94-04c1-424b-9868-57a2d4851a1d" />
    <TestList name="All Loaded Results" id="19431567-8539-422a-85d7-44ee4e166bda" />
  </TestLists>
  <ResultSummary outcome="Failed">
    <Counters total="9" executed="9" passed="6" failed="3" error="0" timeout="0" aborted="0" inconclusive="0" passedButRunAborted="0" notRunnable="0" notExecuted="0" disconnected="0" warning="0" completed="0" inProgress="0" pending="0" />
    <Output>
      <StdOut>[xUnit.net 00:00:00.00] xUnit.net VSTest Adapter v3.0.0+e341b939fe (64-bit .NET 10.0.0)
[xUnit.net 00:00:00.05]   Discovering: MAS-BT
[xUnit.net 00:00:00.08]   Discovered:  MAS-BT
[xUnit.net 00:00:00.09]   Starting:    MAS-BT
Module path: P100 -&gt; P200 -&gt; P101
Using Neo4j graph neo4j://192.168.178.30:7687 (db=neo4j) - expecting existing ASSET_DISTANCE edge P100-&gt;P101
Sequence legs (3): P200:DockStoreHandoverCapability, P200:Transport, P200:DockRetrieveHandoverCapability
Expected failure: Capability 'DockStoreHandoverCapability' on 'P200' requires PartnerHasDockReceiveHandover.
Module path: P100 -&gt; P201 -&gt; P101
Sequence legs (2): P100:DockRetrieveHandoverCapability, P101:DockStoreHandoverCapability
Expected failure: Missing capability 'DockRetrieveHandoverCapability' for module 'P200'.
Graph edges: &lt;empty&gt;
[xUnit.net 00:00:00.23]       Assert.Contains() Failure: Item not found in collection
[xUnit.net 00:00:00.23]       Collection: ["P100", "P102"]
[xUnit.net 00:00:00.23]       Not found:  "P200"
[xUnit.net 00:00:00.23]       Stack Trace:
[xUnit.net 00:00:00.23]         /home/benjamin/AgentDevelopment/MAS-BT/tests/TransportManagerIntegrationTests.cs(50,0): at MAS_BT.Tests.TransportManagerIntegrationTests.Neo4j_CapabilityChainFromP100ToP102_HasExpectedRoles()
[xUnit.net 00:00:00.23]         /home/benjamin/AgentDevelopment/MAS-BT/tests/TransportManagerIntegrationTests.cs(72,0): at MAS_BT.Tests.TransportManagerIntegrationTests.Neo4j_CapabilityChainFromP100ToP102_HasExpectedRoles()
[xUnit.net 00:00:00.23]         /home/benjamin/AgentDevelopment/MAS-BT/tests/TransportManagerIntegrationTests.cs(72,0): at MAS_BT.Tests.TransportManagerIntegrationTests.Neo4j_CapabilityChainFromP100ToP102_HasExpectedRoles()
[xUnit.net 00:00:00.23]         --- End of stack trace from previous location ---
[xUnit.net 00:00:00.23]       Output:
[xUnit.net 00:00:00.23]         Neo4j config: Uri=neo4j://192.168.178.30:7687, User=neo4j, Database=neo4j
[xUnit.net 00:00:00.23]         Shortest path: P100 -&gt; P102
Expected failure: No path found from 'P300' to 'P999'.
[xUnit.net 00:00:00.23]       System.InvalidOperationException : No path found from 'P100' to 'P101'.
[xUnit.net 00:00:00.23]       Stack Trace:
[xUnit.net 00:00:00.23]         /home/benjamin/AgentDevelopment/MAS-BT/Services/Transport/TransportSequencePlanner.cs(40,0): at MAS_BT.Services.Transport.TransportSequencePlanner.BuildPlanAsync(String fromModuleId, String toModuleId, CancellationToken cancellationToken)
[xUnit.net 00:00:00.23]         /home/benjamin/AgentDevelopment/MAS-BT/tests/TransportSequencePlannerTests.cs(42,0): at MAS_BT.Tests.TransportSequencePlannerTests.BuildPlanAsync_ReturnsLegsWithCostFromDistance()
[xUnit.net 00:00:00.23]         --- End of stack trace from previous location ---
[xUnit.net 00:00:00.23]       Output:
[xUnit.net 00:00:00.23]         Using Neo4j graph neo4j://192.168.178.30:7687 (db=neo4j) - expecting existing ASSET_DISTANCE edge P100-&gt;P101
[xUnit.net 00:00:00.67]       Assert.Equal() Failure: Values differ
[xUnit.net 00:00:00.67]       Expected: Success
[xUnit.net 00:00:00.67]       Actual:   Failure
[xUnit.net 00:00:00.67]       Stack Trace:
[xUnit.net 00:00:00.67]         /home/benjamin/AgentDevelopment/MAS-BT/tests/HandleTransportPlanRequestNodeIntegrationTests.cs(106,0): at MAS_BT.Tests.HandleTransportPlanRequestNodeIntegrationTests.Execute_PublishesTransportPlanUsingNamespaceHolonConfig()
[xUnit.net 00:00:00.67]         /home/benjamin/AgentDevelopment/MAS-BT/tests/HandleTransportPlanRequestNodeIntegrationTests.cs(128,0): at MAS_BT.Tests.HandleTransportPlanRequestNodeIntegrationTests.Execute_PublishesTransportPlanUsingNamespaceHolonConfig()
[xUnit.net 00:00:00.67]         /home/benjamin/AgentDevelopment/MAS-BT/tests/HandleTransportPlanRequestNodeIntegrationTests.cs(128,0): at MAS_BT.Tests.HandleTransportPlanRequestNodeIntegrationTests.Execute_PublishesTransportPlanUsingNamespaceHolonConfig()
[xUnit.net 00:00:00.67]         /home/benjamin/AgentDevelopment/MAS-BT/tests/HandleTransportPlanRequestNodeIntegrationTests.cs(128,0): at MAS_BT.Tests.HandleTransportPlanRequestNodeIntegrationTests.Execute_PublishesTransportPlanUsingNamespaceHolonConfig()
[xUnit.net 00:00:00.67]         --- End of stack trace from previous location ---
[xUnit.net 00:00:00.67]       Output:
[xUnit.net 00:00:00.67]         Neo4j config: Uri=neo4j://192.168.178.30:7687, User=neo4j, Database=neo4j
[xUnit.net 00:00:00.67]   Finished:    MAS-BT
</StdOut>
    </Output>
    <RunInfos>
      <RunInfo computerName="BeBlWorkstationUbuntu" outcome="Error" timestamp="2026-01-07T09:59:43.5774005+01:00">
        <Text>[xUnit.net 00:00:00.23]     MAS_BT.Tests.TransportManagerIntegrationTests.Neo4j_CapabilityChainFromP100ToP102_HasExpectedRoles [FAIL]</Text>
      </RunInfo>
      <RunInfo computerName="BeBlWorkstationUbuntu" outcome="Error" timestamp="2026-01-07T09:59:43.5792142+01:00">
        <Text>[xUnit.net 00:00:00.23]     MAS_BT.Tests.TransportSequencePlannerTests.BuildPlanAsync_ReturnsLegsWithCostFromDistance [FAIL]</Text>
      </RunInfo>
      <RunInfo computerName="BeBlWorkstationUbuntu" outcome="Error" timestamp="2026-01-07T09:59:44.0219391+01:00">
        <Text>[xUnit.net 00:00:00.67]     MAS_BT.Tests.HandleTransportPlanRequestNodeIntegrationTests.Execute_PublishesTransportPlanUsingNamespaceHolonConfig [FAIL]</Text>
      </RunInfo>
    </RunInfos>
  </ResultSummary>
</TestRun>